Generated at 2015-05-08 19:56:53 +0200
RuntimeError: machine[web01] (@recipe_files::/Users/mma/work/chef-repo/mycluster.rb line 6) had an error: RuntimeError: Error: command 'chef-client -l info' exited with code 1.

/opt/chefdk/embedded/lib/ruby/gems/2.1.0/gems/chef-provisioning-0.18/lib/chef/provisioning/transport/ssh.rb:263:in `error!'
/opt/chefdk/embedded/lib/ruby/gems/2.1.0/gems/chef-provisioning-0.18/lib/chef/provisioning/machine/basic_machine.rb:31:in `block in execute'
/opt/chefdk/embedded/apps/chef/lib/chef/mixin/why_run.rb:52:in `call'
/opt/chefdk/embedded/apps/chef/lib/chef/mixin/why_run.rb:52:in `add_action'
/opt/chefdk/embedded/apps/chef/lib/chef/provider.rb:180:in `converge_by'
/opt/chefdk/embedded/lib/ruby/gems/2.1.0/gems/chef-provisioning-0.18/lib/chef/provisioning/chef_provider_action_handler.rb:54:in `perform_action'
/opt/chefdk/embedded/lib/ruby/gems/2.1.0/gems/chef-provisioning-0.18/lib/chef/provisioning/machine/basic_machine.rb:29:in `execute'
/opt/chefdk/embedded/lib/ruby/gems/2.1.0/gems/chef-provisioning-0.18/lib/chef/provisioning/convergence_strategy/install_cached.rb:62:in `block (2 levels) in converge'
/opt/chefdk/embedded/apps/chef/lib/chef/run_context.rb:268:in `open_stream'
/opt/chefdk/embedded/lib/ruby/gems/2.1.0/gems/chef-provisioning-0.18/lib/chef/provisioning/chef_provider_action_handler.rb:59:in `open_stream'
/opt/chefdk/embedded/lib/ruby/gems/2.1.0/gems/chef-provisioning-0.18/lib/chef/provisioning/convergence_strategy/install_cached.rb:59:in `block in converge'
/opt/chefdk/embedded/apps/chef/lib/chef/run_context.rb:268:in `open_stream'
/opt/chefdk/embedded/lib/ruby/gems/2.1.0/gems/chef-provisioning-0.18/lib/chef/provisioning/chef_provider_action_handler.rb:59:in `open_stream'
/opt/chefdk/embedded/lib/ruby/gems/2.1.0/gems/chef-provisioning-0.18/lib/chef/provisioning/convergence_strategy/install_cached.rb:58:in `converge'
/opt/chefdk/embedded/lib/ruby/gems/2.1.0/gems/chef-provisioning-0.18/lib/chef/provisioning/machine/basic_machine.rb:21:in `converge'
/opt/chefdk/embedded/lib/ruby/gems/2.1.0/gems/chef-provisioning-0.18/lib/chef/provider/machine.rb:62:in `block in <class:Machine>'
/opt/chefdk/embedded/apps/chef/lib/chef/provider/lwrp_base.rb:60:in `instance_eval'
/opt/chefdk/embedded/apps/chef/lib/chef/provider/lwrp_base.rb:60:in `recipe_eval_with_update_check'
/opt/chefdk/embedded/apps/chef/lib/chef/provider/lwrp_base.rb:45:in `block in action'
/opt/chefdk/embedded/apps/chef/lib/chef/provider.rb:145:in `run_action'
/opt/chefdk/embedded/apps/chef/lib/chef/resource.rb:582:in `run_action'
/opt/chefdk/embedded/apps/chef/lib/chef/runner.rb:49:in `run_action'
/opt/chefdk/embedded/apps/chef/lib/chef/runner.rb:81:in `block (2 levels) in converge'
/opt/chefdk/embedded/apps/chef/lib/chef/runner.rb:81:in `each'
/opt/chefdk/embedded/apps/chef/lib/chef/runner.rb:81:in `block in converge'
/opt/chefdk/embedded/apps/chef/lib/chef/resource_collection/resource_list.rb:83:in `block in execute_each_resource'
/opt/chefdk/embedded/apps/chef/lib/chef/resource_collection/stepable_iterator.rb:116:in `call'
/opt/chefdk/embedded/apps/chef/lib/chef/resource_collection/stepable_iterator.rb:116:in `call_iterator_block'
/opt/chefdk/embedded/apps/chef/lib/chef/resource_collection/stepable_iterator.rb:85:in `step'
/opt/chefdk/embedded/apps/chef/lib/chef/resource_collection/stepable_iterator.rb:104:in `iterate'
/opt/chefdk/embedded/apps/chef/lib/chef/resource_collection/stepable_iterator.rb:55:in `each_with_index'
/opt/chefdk/embedded/apps/chef/lib/chef/resource_collection/resource_list.rb:81:in `execute_each_resource'
/opt/chefdk/embedded/apps/chef/lib/chef/runner.rb:80:in `converge'
/opt/chefdk/embedded/apps/chef/lib/chef/client.rb:315:in `converge'
/opt/chefdk/embedded/apps/chef/lib/chef/client.rb:400:in `block in run'
/opt/chefdk/embedded/apps/chef/lib/chef/client.rb:399:in `catch'
/opt/chefdk/embedded/apps/chef/lib/chef/client.rb:399:in `run'
/opt/chefdk/embedded/apps/chef/lib/chef/application.rb:261:in `block in fork_chef_client'
/opt/chefdk/embedded/apps/chef/lib/chef/application.rb:249:in `fork'
/opt/chefdk/embedded/apps/chef/lib/chef/application.rb:249:in `fork_chef_client'
/opt/chefdk/embedded/apps/chef/lib/chef/application.rb:215:in `block in run_chef_client'
/opt/chefdk/embedded/apps/chef/lib/chef/local_mode.rb:38:in `with_server_connectivity'
/opt/chefdk/embedded/apps/chef/lib/chef/application.rb:201:in `run_chef_client'
/opt/chefdk/embedded/apps/chef/lib/chef/application/client.rb:355:in `block in interval_run_chef_client'
/opt/chefdk/embedded/apps/chef/lib/chef/application/client.rb:345:in `loop'
/opt/chefdk/embedded/apps/chef/lib/chef/application/client.rb:345:in `interval_run_chef_client'
/opt/chefdk/embedded/apps/chef/lib/chef/application/client.rb:335:in `run_application'
/opt/chefdk/embedded/apps/chef/lib/chef/application.rb:58:in `run'
/opt/chefdk/embedded/apps/chef/bin/chef-client:26:in `<top (required)>'
/opt/chefdk/bin/chef-client:40:in `load'
/opt/chefdk/bin/chef-client:40:in `<main>'